2025-05-12 12:20:28,862 [Worker-4: Loading available Gradle versions] INFO  o.e.b.c.i.u.g.PublishedGradleVersions - Gradle version information cache is out-of-date. Trying to update.
2025-05-12 12:22:03,409 [Worker-5: Update Maven projects configuration] INFO  o.e.m.c.i.p.ProjectConfigurationManager - Update started
2025-05-12 12:22:06,474 [Worker-5: Update Maven projects configuration] INFO  o.e.m.c.i.l.LifecycleMappingFactory - Using org.eclipse.m2e.jdt.JarLifecycleMapping lifecycle mapping for MavenProject: dtu:bdd-starter:1.0.0 @ C:\Users\Mersa\Documents\DTU\Github Repo\SoftwareEngineering1Exam\BddStarter\pom.xml.
2025-05-12 12:22:07,405 [Worker-5: Update Maven projects configuration] INFO  o.e.m.c.i.e.AbstractTransferListenerAdapter - Downloading https://repo.maven.apache.org/maven2/io/cucumber/query/maven-metadata.xml
2025-05-12 12:22:07,419 [Worker-5: Update Maven projects configuration] INFO  o.e.m.c.i.e.AbstractTransferListenerAdapter - Downloaded https://repo.maven.apache.org/maven2/io/cucumber/query/maven-metadata.xml
2025-05-12 12:22:09,798 [Worker-1: Download sources and javadoc] INFO  o.e.m.c.i.e.AbstractTransferListenerAdapter - Downloading https://repo.maven.apache.org/maven2/io/cucumber/cucumber-core/7.14.0/cucumber-core-7.14.0-sources.jar
2025-05-12 12:22:09,989 [Worker-1: Download sources and javadoc] INFO  o.e.m.c.i.e.AbstractTransferListenerAdapter - Downloaded https://repo.maven.apache.org/maven2/io/cucumber/cucumber-core/7.14.0/cucumber-core-7.14.0-sources.jar
2025-05-12 12:22:09,999 [Worker-1: Download sources and javadoc] INFO  o.e.m.j.internal.DownloadSourcesJob - Downloaded sources for io.cucumber:cucumber-core:7.14.0
2025-05-12 12:22:10,168 [Worker-1: Download sources and javadoc] INFO  o.e.m.c.i.e.AbstractTransferListenerAdapter - Downloading https://repo.maven.apache.org/maven2/io/cucumber/cucumber-gherkin/7.14.0/cucumber-gherkin-7.14.0-sources.jar
2025-05-12 12:22:10,175 [Worker-1: Download sources and javadoc] INFO  o.e.m.c.i.e.AbstractTransferListenerAdapter - Downloaded https://repo.maven.apache.org/maven2/io/cucumber/cucumber-gherkin/7.14.0/cucumber-gherkin-7.14.0-sources.jar
2025-05-12 12:22:10,183 [Worker-1: Download sources and javadoc] INFO  o.e.m.j.internal.DownloadSourcesJob - Downloaded sources for io.cucumber:cucumber-gherkin:7.14.0
2025-05-12 12:22:10,338 [Worker-1: Download sources and javadoc] INFO  o.e.m.c.i.e.AbstractTransferListenerAdapter - Downloading https://repo.maven.apache.org/maven2/io/cucumber/cucumber-gherkin-messages/7.14.0/cucumber-gherkin-messages-7.14.0-sources.jar
2025-05-12 12:22:10,345 [Worker-1: Download sources and javadoc] INFO  o.e.m.c.i.e.AbstractTransferListenerAdapter - Downloaded https://repo.maven.apache.org/maven2/io/cucumber/cucumber-gherkin-messages/7.14.0/cucumber-gherkin-messages-7.14.0-sources.jar
2025-05-12 12:22:10,351 [Worker-1: Download sources and javadoc] INFO  o.e.m.j.internal.DownloadSourcesJob - Downloaded sources for io.cucumber:cucumber-gherkin-messages:7.14.0
2025-05-12 12:22:10,523 [Worker-1: Download sources and javadoc] INFO  o.e.m.c.i.e.AbstractTransferListenerAdapter - Downloading https://repo.maven.apache.org/maven2/io/cucumber/gherkin/26.2.0/gherkin-26.2.0-sources.jar
2025-05-12 12:22:10,574 [Worker-1: Download sources and javadoc] INFO  o.e.m.c.i.e.AbstractTransferListenerAdapter - Downloaded https://repo.maven.apache.org/maven2/io/cucumber/gherkin/26.2.0/gherkin-26.2.0-sources.jar
2025-05-12 12:22:10,579 [Worker-1: Download sources and javadoc] INFO  o.e.m.j.internal.DownloadSourcesJob - Downloaded sources for io.cucumber:gherkin:26.2.0
2025-05-12 12:22:10,722 [Worker-1: Download sources and javadoc] INFO  o.e.m.c.i.e.AbstractTransferListenerAdapter - Downloading https://repo.maven.apache.org/maven2/io/cucumber/messages/22.0.0/messages-22.0.0-sources.jar
2025-05-12 12:22:10,775 [Worker-1: Download sources and javadoc] INFO  o.e.m.c.i.e.AbstractTransferListenerAdapter - Downloaded https://repo.maven.apache.org/maven2/io/cucumber/messages/22.0.0/messages-22.0.0-sources.jar
2025-05-12 12:22:10,780 [Worker-1: Download sources and javadoc] INFO  o.e.m.j.internal.DownloadSourcesJob - Downloaded sources for io.cucumber:messages:22.0.0
2025-05-12 12:22:10,810 [Worker-5: Update Maven projects configuration] INFO  o.e.m.j.i.AbstractJavaProjectConfigurator - Adding source folder /BddStarter/src/main/java
2025-05-12 12:22:10,816 [Worker-5: Update Maven projects configuration] INFO  o.e.m.j.i.AbstractJavaProjectConfigurator - Adding resource folder /BddStarter/src/main/resources
2025-05-12 12:22:10,873 [Worker-5: Update Maven projects configuration] INFO  o.e.m.j.i.AbstractJavaProjectConfigurator - Adding source folder /BddStarter/src/test/java
2025-05-12 12:22:10,878 [Worker-5: Update Maven projects configuration] INFO  o.e.m.j.i.AbstractJavaProjectConfigurator - Adding resource folder /BddStarter/src/test/resources
2025-05-12 12:22:10,921 [Worker-1: Download sources and javadoc] INFO  o.e.m.c.i.e.AbstractTransferListenerAdapter - Downloading https://repo.maven.apache.org/maven2/io/cucumber/tag-expressions/5.0.6/tag-expressions-5.0.6-sources.jar
2025-05-12 12:22:10,929 [Worker-1: Download sources and javadoc] INFO  o.e.m.c.i.e.AbstractTransferListenerAdapter - Downloaded https://repo.maven.apache.org/maven2/io/cucumber/tag-expressions/5.0.6/tag-expressions-5.0.6-sources.jar
2025-05-12 12:22:10,936 [Worker-1: Download sources and javadoc] INFO  o.e.m.j.internal.DownloadSourcesJob - Downloaded sources for io.cucumber:tag-expressions:5.0.6
2025-05-12 12:22:11,073 [Worker-1: Download sources and javadoc] INFO  o.e.m.c.i.e.AbstractTransferListenerAdapter - Downloading https://repo.maven.apache.org/maven2/io/cucumber/cucumber-expressions/16.1.2/cucumber-expressions-16.1.2-sources.jar
2025-05-12 12:22:11,123 [Worker-1: Download sources and javadoc] INFO  o.e.m.c.i.e.AbstractTransferListenerAdapter - Downloaded https://repo.maven.apache.org/maven2/io/cucumber/cucumber-expressions/16.1.2/cucumber-expressions-16.1.2-sources.jar
2025-05-12 12:22:11,129 [Worker-1: Download sources and javadoc] INFO  o.e.m.j.internal.DownloadSourcesJob - Downloaded sources for io.cucumber:cucumber-expressions:16.1.2
2025-05-12 12:22:11,289 [Worker-1: Download sources and javadoc] INFO  o.e.m.c.i.e.AbstractTransferListenerAdapter - Downloading https://repo.maven.apache.org/maven2/io/cucumber/datatable/7.14.0/datatable-7.14.0-sources.jar
2025-05-12 12:22:11,309 [Worker-1: Download sources and javadoc] INFO  o.e.m.c.i.e.AbstractTransferListenerAdapter - Downloaded https://repo.maven.apache.org/maven2/io/cucumber/datatable/7.14.0/datatable-7.14.0-sources.jar
2025-05-12 12:22:11,315 [Worker-1: Download sources and javadoc] INFO  o.e.m.j.internal.DownloadSourcesJob - Downloaded sources for io.cucumber:datatable:7.14.0
2025-05-12 12:22:11,457 [Worker-1: Download sources and javadoc] INFO  o.e.m.c.i.e.AbstractTransferListenerAdapter - Downloading https://repo.maven.apache.org/maven2/io/cucumber/cucumber-plugin/7.14.0/cucumber-plugin-7.14.0-sources.jar
2025-05-12 12:22:11,466 [Worker-1: Download sources and javadoc] INFO  o.e.m.c.i.e.AbstractTransferListenerAdapter - Downloaded https://repo.maven.apache.org/maven2/io/cucumber/cucumber-plugin/7.14.0/cucumber-plugin-7.14.0-sources.jar
2025-05-12 12:22:11,475 [Worker-1: Download sources and javadoc] INFO  o.e.m.j.internal.DownloadSourcesJob - Downloaded sources for io.cucumber:cucumber-plugin:7.14.0
2025-05-12 12:22:11,696 [Worker-1: Download sources and javadoc] INFO  o.e.m.c.i.e.AbstractTransferListenerAdapter - Downloading https://repo.maven.apache.org/maven2/io/cucumber/docstring/7.14.0/docstring-7.14.0-sources.jar
2025-05-12 12:22:11,702 [Worker-1: Download sources and javadoc] INFO  o.e.m.c.i.e.AbstractTransferListenerAdapter - Downloaded https://repo.maven.apache.org/maven2/io/cucumber/docstring/7.14.0/docstring-7.14.0-sources.jar
2025-05-12 12:22:11,708 [Worker-1: Download sources and javadoc] INFO  o.e.m.j.internal.DownloadSourcesJob - Downloaded sources for io.cucumber:docstring:7.14.0
2025-05-12 12:22:11,893 [Worker-1: Download sources and javadoc] INFO  o.e.m.c.i.e.AbstractTransferListenerAdapter - Downloading https://repo.maven.apache.org/maven2/io/cucumber/html-formatter/20.4.0/html-formatter-20.4.0-sources.jar
2025-05-12 12:22:12,114 [Worker-1: Download sources and javadoc] INFO  o.e.m.c.i.e.AbstractTransferListenerAdapter - Downloaded https://repo.maven.apache.org/maven2/io/cucumber/html-formatter/20.4.0/html-formatter-20.4.0-sources.jar
2025-05-12 12:22:12,122 [Worker-1: Download sources and javadoc] INFO  o.e.m.j.internal.DownloadSourcesJob - Downloaded sources for io.cucumber:html-formatter:20.4.0
2025-05-12 12:22:12,305 [Worker-1: Download sources and javadoc] INFO  o.e.m.c.i.e.AbstractTransferListenerAdapter - Downloading https://repo.maven.apache.org/maven2/io/cucumber/junit-xml-formatter/0.2.0/junit-xml-formatter-0.2.0-sources.jar
2025-05-12 12:22:12,385 [Worker-1: Download sources and javadoc] INFO  o.e.m.c.i.e.AbstractTransferListenerAdapter - Downloaded https://repo.maven.apache.org/maven2/io/cucumber/junit-xml-formatter/0.2.0/junit-xml-formatter-0.2.0-sources.jar
2025-05-12 12:22:12,392 [Worker-1: Download sources and javadoc] INFO  o.e.m.j.internal.DownloadSourcesJob - Downloaded sources for io.cucumber:junit-xml-formatter:0.2.0
2025-05-12 12:22:12,589 [Worker-1: Download sources and javadoc] INFO  o.e.m.c.i.e.AbstractTransferListenerAdapter - Downloading https://repo.maven.apache.org/maven2/io/cucumber/ci-environment/9.2.0/ci-environment-9.2.0-sources.jar
2025-05-12 12:22:12,595 [Worker-1: Download sources and javadoc] INFO  o.e.m.c.i.e.AbstractTransferListenerAdapter - Downloaded https://repo.maven.apache.org/maven2/io/cucumber/ci-environment/9.2.0/ci-environment-9.2.0-sources.jar
2025-05-12 12:22:12,600 [Worker-1: Download sources and javadoc] INFO  o.e.m.j.internal.DownloadSourcesJob - Downloaded sources for io.cucumber:ci-environment:9.2.0
2025-05-12 12:22:12,775 [Worker-1: Download sources and javadoc] INFO  o.e.m.c.i.e.AbstractTransferListenerAdapter - Downloading https://repo.maven.apache.org/maven2/org/apiguardian/apiguardian-api/1.1.2/apiguardian-api-1.1.2-sources.jar
2025-05-12 12:22:12,805 [Worker-1: Download sources and javadoc] INFO  o.e.m.c.i.e.AbstractTransferListenerAdapter - Downloaded https://repo.maven.apache.org/maven2/org/apiguardian/apiguardian-api/1.1.2/apiguardian-api-1.1.2-sources.jar
2025-05-12 12:22:12,950 [Worker-1: Download sources and javadoc] INFO  o.e.m.j.internal.DownloadSourcesJob - Downloaded sources for org.apiguardian:apiguardian-api:1.1.2
2025-05-12 12:22:13,105 [Worker-1: Download sources and javadoc] INFO  o.e.m.c.i.e.AbstractTransferListenerAdapter - Downloading https://repo.maven.apache.org/maven2/io/cucumber/cucumber-junit/7.14.0/cucumber-junit-7.14.0-sources.jar
2025-05-12 12:22:13,123 [Worker-1: Download sources and javadoc] INFO  o.e.m.c.i.e.AbstractTransferListenerAdapter - Downloaded https://repo.maven.apache.org/maven2/io/cucumber/cucumber-junit/7.14.0/cucumber-junit-7.14.0-sources.jar
2025-05-12 12:22:13,128 [Worker-1: Download sources and javadoc] INFO  o.e.m.j.internal.DownloadSourcesJob - Downloaded sources for io.cucumber:cucumber-junit:7.14.0
2025-05-12 12:22:13,273 [Worker-1: Download sources and javadoc] INFO  o.e.m.c.i.e.AbstractTransferListenerAdapter - Downloading https://repo.maven.apache.org/maven2/io/cucumber/cucumber-picocontainer/7.20.1/cucumber-picocontainer-7.20.1-sources.jar
2025-05-12 12:22:13,282 [Worker-1: Download sources and javadoc] INFO  o.e.m.c.i.e.AbstractTransferListenerAdapter - Downloaded https://repo.maven.apache.org/maven2/io/cucumber/cucumber-picocontainer/7.20.1/cucumber-picocontainer-7.20.1-sources.jar
2025-05-12 12:22:13,287 [Worker-1: Download sources and javadoc] INFO  o.e.m.j.internal.DownloadSourcesJob - Downloaded sources for io.cucumber:cucumber-picocontainer:7.20.1
2025-05-12 12:22:13,474 [Worker-1: Download sources and javadoc] INFO  o.e.m.c.i.e.AbstractTransferListenerAdapter - Downloading https://repo.maven.apache.org/maven2/org/picocontainer/picocontainer/2.15/picocontainer-2.15-sources.jar
2025-05-12 12:22:13,588 [Worker-1: Download sources and javadoc] INFO  o.e.m.c.i.e.AbstractTransferListenerAdapter - Downloaded https://repo.maven.apache.org/maven2/org/picocontainer/picocontainer/2.15/picocontainer-2.15-sources.jar
2025-05-12 12:22:13,593 [Worker-1: Download sources and javadoc] INFO  o.e.m.j.internal.DownloadSourcesJob - Downloaded sources for org.picocontainer:picocontainer:2.15
2025-05-12 12:22:13,800 [Worker-1: Download sources and javadoc] INFO  o.e.m.c.i.e.AbstractTransferListenerAdapter - Downloading https://repo.maven.apache.org/maven2/org/junit/jupiter/junit-jupiter-engine/5.11.4/junit-jupiter-engine-5.11.4-sources.jar
2025-05-12 12:22:13,899 [Worker-1: Download sources and javadoc] INFO  o.e.m.c.i.e.AbstractTransferListenerAdapter - Downloaded https://repo.maven.apache.org/maven2/org/junit/jupiter/junit-jupiter-engine/5.11.4/junit-jupiter-engine-5.11.4-sources.jar
2025-05-12 12:22:13,905 [Worker-1: Download sources and javadoc] INFO  o.e.m.j.internal.DownloadSourcesJob - Downloaded sources for org.junit.jupiter:junit-jupiter-engine:5.11.4
2025-05-12 12:22:14,059 [Worker-1: Download sources and javadoc] INFO  o.e.m.c.i.e.AbstractTransferListenerAdapter - Downloading https://repo.maven.apache.org/maven2/org/junit/platform/junit-platform-engine/1.11.4/junit-platform-engine-1.11.4-sources.jar
2025-05-12 12:22:14,206 [Worker-1: Download sources and javadoc] INFO  o.e.m.c.i.e.AbstractTransferListenerAdapter - Downloaded https://repo.maven.apache.org/maven2/org/junit/platform/junit-platform-engine/1.11.4/junit-platform-engine-1.11.4-sources.jar
2025-05-12 12:22:14,212 [Worker-1: Download sources and javadoc] INFO  o.e.m.j.internal.DownloadSourcesJob - Downloaded sources for org.junit.platform:junit-platform-engine:1.11.4
2025-05-12 12:22:14,368 [Worker-1: Download sources and javadoc] INFO  o.e.m.c.i.e.AbstractTransferListenerAdapter - Downloading https://repo.maven.apache.org/maven2/org/opentest4j/opentest4j/1.3.0/opentest4j-1.3.0-sources.jar
2025-05-12 12:22:14,375 [Worker-1: Download sources and javadoc] INFO  o.e.m.c.i.e.AbstractTransferListenerAdapter - Downloaded https://repo.maven.apache.org/maven2/org/opentest4j/opentest4j/1.3.0/opentest4j-1.3.0-sources.jar
2025-05-12 12:22:14,385 [Worker-1: Download sources and javadoc] INFO  o.e.m.j.internal.DownloadSourcesJob - Downloaded sources for org.opentest4j:opentest4j:1.3.0
2025-05-12 12:22:14,391 [Worker-5: Update Maven projects configuration] INFO  o.e.m.c.i.p.ProjectConfigurationManager - Update completed for 1 poms: local refresh takes 0,00 sec, refresh facades takes 5,00 sec, update config takes 5,00 sec 
2025-05-12 12:22:14,539 [Worker-1: Download sources and javadoc] INFO  o.e.m.c.i.e.AbstractTransferListenerAdapter - Downloading https://repo.maven.apache.org/maven2/org/junit/platform/junit-platform-commons/1.11.4/junit-platform-commons-1.11.4-sources.jar
2025-05-12 12:22:14,608 [Worker-1: Download sources and javadoc] INFO  o.e.m.c.i.e.AbstractTransferListenerAdapter - Downloaded https://repo.maven.apache.org/maven2/org/junit/platform/junit-platform-commons/1.11.4/junit-platform-commons-1.11.4-sources.jar
2025-05-12 12:22:14,615 [Worker-1: Download sources and javadoc] INFO  o.e.m.j.internal.DownloadSourcesJob - Downloaded sources for org.junit.platform:junit-platform-commons:1.11.4
2025-05-12 12:22:14,633 [Worker-8: Building] INFO  o.a.m.s.f.DefaultMavenResourcesFiltering - skip non existing resourceDirectory C:\Users\Mersa\Documents\DTU\Github Repo\SoftwareEngineering1Exam\BddStarter\src\main\resources
2025-05-12 12:22:14,651 [Worker-8: Building] INFO  o.a.m.s.f.DefaultMavenResourcesFiltering - Copying 1 resource from src\test\resources to target\test-classes
2025-05-12 12:22:14,805 [Worker-1: Download sources and javadoc] INFO  o.e.m.c.i.e.AbstractTransferListenerAdapter - Downloading https://repo.maven.apache.org/maven2/org/junit/vintage/junit-vintage-engine/5.11.4/junit-vintage-engine-5.11.4-sources.jar
2025-05-12 12:22:14,854 [Worker-1: Download sources and javadoc] INFO  o.e.m.c.i.e.AbstractTransferListenerAdapter - Downloaded https://repo.maven.apache.org/maven2/org/junit/vintage/junit-vintage-engine/5.11.4/junit-vintage-engine-5.11.4-sources.jar
2025-05-12 12:22:14,865 [Worker-1: Download sources and javadoc] INFO  o.e.m.j.internal.DownloadSourcesJob - Downloaded sources for org.junit.vintage:junit-vintage-engine:5.11.4
2025-05-12 12:22:15,069 [Worker-1: Download sources and javadoc] INFO  o.e.m.c.i.e.AbstractTransferListenerAdapter - Downloading https://repo.maven.apache.org/maven2/org/junit/platform/junit-platform-runner/1.11.4/junit-platform-runner-1.11.4-sources.jar
2025-05-12 12:22:15,075 [Worker-1: Download sources and javadoc] INFO  o.e.m.c.i.e.AbstractTransferListenerAdapter - Downloaded https://repo.maven.apache.org/maven2/org/junit/platform/junit-platform-runner/1.11.4/junit-platform-runner-1.11.4-sources.jar
2025-05-12 12:22:15,081 [Worker-1: Download sources and javadoc] INFO  o.e.m.j.internal.DownloadSourcesJob - Downloaded sources for org.junit.platform:junit-platform-runner:1.11.4
2025-05-12 12:22:15,281 [Worker-1: Download sources and javadoc] INFO  o.e.m.c.i.e.AbstractTransferListenerAdapter - Downloading https://repo.maven.apache.org/maven2/org/junit/platform/junit-platform-launcher/1.11.4/junit-platform-launcher-1.11.4-sources.jar
2025-05-12 12:22:15,379 [Worker-1: Download sources and javadoc] INFO  o.e.m.c.i.e.AbstractTransferListenerAdapter - Downloaded https://repo.maven.apache.org/maven2/org/junit/platform/junit-platform-launcher/1.11.4/junit-platform-launcher-1.11.4-sources.jar
2025-05-12 12:22:15,386 [Worker-1: Download sources and javadoc] INFO  o.e.m.j.internal.DownloadSourcesJob - Downloaded sources for org.junit.platform:junit-platform-launcher:1.11.4
2025-05-12 12:22:15,553 [Worker-1: Download sources and javadoc] INFO  o.e.m.c.i.e.AbstractTransferListenerAdapter - Downloading https://repo.maven.apache.org/maven2/org/junit/platform/junit-platform-suite-api/1.11.4/junit-platform-suite-api-1.11.4-sources.jar
2025-05-12 12:22:15,599 [Worker-1: Download sources and javadoc] INFO  o.e.m.c.i.e.AbstractTransferListenerAdapter - Downloaded https://repo.maven.apache.org/maven2/org/junit/platform/junit-platform-suite-api/1.11.4/junit-platform-suite-api-1.11.4-sources.jar
2025-05-12 12:22:15,605 [Worker-1: Download sources and javadoc] INFO  o.e.m.j.internal.DownloadSourcesJob - Downloaded sources for org.junit.platform:junit-platform-suite-api:1.11.4
2025-05-12 12:22:15,752 [Worker-1: Download sources and javadoc] INFO  o.e.m.c.i.e.AbstractTransferListenerAdapter - Downloading https://repo.maven.apache.org/maven2/org/junit/platform/junit-platform-suite-commons/1.11.4/junit-platform-suite-commons-1.11.4-sources.jar
2025-05-12 12:22:15,763 [Worker-1: Download sources and javadoc] INFO  o.e.m.c.i.e.AbstractTransferListenerAdapter - Downloaded https://repo.maven.apache.org/maven2/org/junit/platform/junit-platform-suite-commons/1.11.4/junit-platform-suite-commons-1.11.4-sources.jar
2025-05-12 12:22:15,770 [Worker-1: Download sources and javadoc] INFO  o.e.m.j.internal.DownloadSourcesJob - Downloaded sources for org.junit.platform:junit-platform-suite-commons:1.11.4
2025-05-12 12:22:15,899 [Worker-1: Download sources and javadoc] INFO  o.e.m.c.i.e.AbstractTransferListenerAdapter - Downloading https://repo.maven.apache.org/maven2/org/mockito/mockito-core/5.15.2/mockito-core-5.15.2-sources.jar
2025-05-12 12:22:16,070 [Worker-1: Download sources and javadoc] INFO  o.e.m.c.i.e.AbstractTransferListenerAdapter - Downloaded https://repo.maven.apache.org/maven2/org/mockito/mockito-core/5.15.2/mockito-core-5.15.2-sources.jar
2025-05-12 12:22:16,079 [Worker-1: Download sources and javadoc] INFO  o.e.m.j.internal.DownloadSourcesJob - Downloaded sources for org.mockito:mockito-core:5.15.2
2025-05-12 12:22:16,230 [Worker-1: Download sources and javadoc] INFO  o.e.m.c.i.e.AbstractTransferListenerAdapter - Downloading https://repo.maven.apache.org/maven2/net/bytebuddy/byte-buddy/1.15.11/byte-buddy-1.15.11-sources.jar
2025-05-12 12:22:16,450 [Worker-1: Download sources and javadoc] INFO  o.e.m.c.i.e.AbstractTransferListenerAdapter - Downloaded https://repo.maven.apache.org/maven2/net/bytebuddy/byte-buddy/1.15.11/byte-buddy-1.15.11-sources.jar
2025-05-12 12:22:16,455 [Worker-1: Download sources and javadoc] INFO  o.e.m.j.internal.DownloadSourcesJob - Downloaded sources for net.bytebuddy:byte-buddy:1.15.11
2025-05-12 12:22:16,580 [Worker-1: Download sources and javadoc] INFO  o.e.m.c.i.e.AbstractTransferListenerAdapter - Downloading https://repo.maven.apache.org/maven2/net/bytebuddy/byte-buddy-agent/1.15.11/byte-buddy-agent-1.15.11-sources.jar
2025-05-12 12:22:16,694 [Worker-1: Download sources and javadoc] INFO  o.e.m.c.i.e.AbstractTransferListenerAdapter - Downloaded https://repo.maven.apache.org/maven2/net/bytebuddy/byte-buddy-agent/1.15.11/byte-buddy-agent-1.15.11-sources.jar
2025-05-12 12:22:16,702 [Worker-1: Download sources and javadoc] INFO  o.e.m.j.internal.DownloadSourcesJob - Downloaded sources for net.bytebuddy:byte-buddy-agent:1.15.11
2025-05-12 12:22:16,850 [Worker-1: Download sources and javadoc] INFO  o.e.m.c.i.e.AbstractTransferListenerAdapter - Downloading https://repo.maven.apache.org/maven2/org/objenesis/objenesis/3.3/objenesis-3.3-sources.jar
2025-05-12 12:22:16,896 [Worker-1: Download sources and javadoc] INFO  o.e.m.c.i.e.AbstractTransferListenerAdapter - Downloaded https://repo.maven.apache.org/maven2/org/objenesis/objenesis/3.3/objenesis-3.3-sources.jar
2025-05-12 12:22:16,900 [Worker-1: Download sources and javadoc] INFO  o.e.m.j.internal.DownloadSourcesJob - Downloaded sources for org.objenesis:objenesis:3.3
2025-05-12 12:54:00,859 [Worker-9: Building] INFO  o.a.m.s.f.DefaultMavenResourcesFiltering - skip non existing resourceDirectory C:\Users\Mersa\Documents\DTU\Github Repo\SoftwareEngineering1Exam\BddStarter\src\main\resources
2025-05-12 12:54:00,868 [Worker-9: Building] INFO  o.a.m.s.f.DefaultMavenResourcesFiltering - Copying 0 resource from src\test\resources to target\test-classes
2025-05-12 22:14:19,832 [Worker-0: Loading available Gradle versions] INFO  o.e.b.c.i.u.g.PublishedGradleVersions - Gradle version information cache is up-to-date. Trying to read.
2025-05-12 22:15:13,595 [Worker-7: Building] INFO  o.a.m.s.f.DefaultMavenResourcesFiltering - skip non existing resourceDirectory C:\Users\Mersa\Documents\DTU\Github Repo\SoftwareEngineering1Exam\BddStarter\src\main\resources
2025-05-12 22:15:13,641 [Worker-7: Building] INFO  o.a.m.s.f.DefaultMavenResourcesFiltering - Copying 1 resource from src\test\resources to target\test-classes
2025-05-12 22:18:43,952 [Worker-2: Importing Maven projects] ERROR o.e.m.c.i.p.ProjectConfigurationManager - Project BddStarter already exists
2025-05-12 22:18:43,963 [Worker-2: Importing Maven projects] INFO  o.e.m.c.i.p.ProjectConfigurationManager - Imported and configured 1 project(s) in 0 sec
2025-05-12 22:22:40,208 [Worker-7: Launching Executing test in C__Users_Mersa_Documents_DTU_Github Repo_SoftwareEngineering1Exam_BddStarter] INFO  o.eclipse.m2e.core.internal.Bundles - getClasspathEntries(Bundle=org.eclipse.m2e.maven.runtime_3.9.700.20240602-2313 [299])
2025-05-12 22:22:40,218 [Worker-7: Launching Executing test in C__Users_Mersa_Documents_DTU_Github Repo_SoftwareEngineering1Exam_BddStarter] INFO  o.eclipse.m2e.core.internal.Bundles - 	Entry: C:\Users\Mersa\.p2\pool\plugins\org.eclipse.m2e.maven.runtime_3.9.700.20240602-2313
2025-05-12 22:22:40,218 [Worker-7: Launching Executing test in C__Users_Mersa_Documents_DTU_Github Repo_SoftwareEngineering1Exam_BddStarter] INFO  o.eclipse.m2e.core.internal.Bundles - 	Entry: C:\Users\Mersa\.p2\pool\plugins\org.eclipse.m2e.maven.runtime_3.9.700.20240602-2313\jars\aopalliance-1.0.jar
2025-05-12 22:22:40,219 [Worker-7: Launching Executing test in C__Users_Mersa_Documents_DTU_Github Repo_SoftwareEngineering1Exam_BddStarter] INFO  o.eclipse.m2e.core.internal.Bundles - 	Entry: C:\Users\Mersa\.p2\pool\plugins\org.eclipse.m2e.maven.runtime_3.9.700.20240602-2313\jars\guice-5.1.0.jar
2025-05-12 22:22:40,220 [Worker-7: Launching Executing test in C__Users_Mersa_Documents_DTU_Github Repo_SoftwareEngineering1Exam_BddStarter] INFO  o.eclipse.m2e.core.internal.Bundles - 	Entry: C:\Users\Mersa\.p2\pool\plugins\org.eclipse.m2e.maven.runtime_3.9.700.20240602-2313\jars\httpclient-4.5.14.jar
2025-05-12 22:22:40,220 [Worker-7: Launching Executing test in C__Users_Mersa_Documents_DTU_Github Repo_SoftwareEngineering1Exam_BddStarter] INFO  o.eclipse.m2e.core.internal.Bundles - 	Entry: C:\Users\Mersa\.p2\pool\plugins\org.eclipse.m2e.maven.runtime_3.9.700.20240602-2313\jars\httpcore-4.4.16.jar
2025-05-12 22:22:40,221 [Worker-7: Launching Executing test in C__Users_Mersa_Documents_DTU_Github Repo_SoftwareEngineering1Exam_BddStarter] INFO  o.eclipse.m2e.core.internal.Bundles - 	Entry: C:\Users\Mersa\.p2\pool\plugins\org.eclipse.m2e.maven.runtime_3.9.700.20240602-2313\jars\jansi-2.4.1.jar
2025-05-12 22:22:40,221 [Worker-7: Launching Executing test in C__Users_Mersa_Documents_DTU_Github Repo_SoftwareEngineering1Exam_BddStarter] INFO  o.eclipse.m2e.core.internal.Bundles - 	Entry: C:\Users\Mersa\.p2\pool\plugins\org.eclipse.m2e.maven.runtime_3.9.700.20240602-2313\jars\jcl-over-slf4j-1.7.36.jar
2025-05-12 22:22:40,222 [Worker-7: Launching Executing test in C__Users_Mersa_Documents_DTU_Github Repo_SoftwareEngineering1Exam_BddStarter] INFO  o.eclipse.m2e.core.internal.Bundles - 	Entry: C:\Users\Mersa\.p2\pool\plugins\org.eclipse.m2e.maven.runtime_3.9.700.20240602-2313\jars\maven-artifact-3.9.7.jar
2025-05-12 22:22:40,222 [Worker-7: Launching Executing test in C__Users_Mersa_Documents_DTU_Github Repo_SoftwareEngineering1Exam_BddStarter] INFO  o.eclipse.m2e.core.internal.Bundles - 	Entry: C:\Users\Mersa\.p2\pool\plugins\org.eclipse.m2e.maven.runtime_3.9.700.20240602-2313\jars\maven-builder-support-3.9.7.jar
2025-05-12 22:22:40,222 [Worker-7: Launching Executing test in C__Users_Mersa_Documents_DTU_Github Repo_SoftwareEngineering1Exam_BddStarter] INFO  o.eclipse.m2e.core.internal.Bundles - 	Entry: C:\Users\Mersa\.p2\pool\plugins\org.eclipse.m2e.maven.runtime_3.9.700.20240602-2313\jars\maven-compat-3.9.7.jar
2025-05-12 22:22:40,223 [Worker-7: Launching Executing test in C__Users_Mersa_Documents_DTU_Github Repo_SoftwareEngineering1Exam_BddStarter] INFO  o.eclipse.m2e.core.internal.Bundles - 	Entry: C:\Users\Mersa\.p2\pool\plugins\org.eclipse.m2e.maven.runtime_3.9.700.20240602-2313\jars\maven-core-3.9.7.jar
2025-05-12 22:22:40,223 [Worker-7: Launching Executing test in C__Users_Mersa_Documents_DTU_Github Repo_SoftwareEngineering1Exam_BddStarter] INFO  o.eclipse.m2e.core.internal.Bundles - 	Entry: C:\Users\Mersa\.p2\pool\plugins\org.eclipse.m2e.maven.runtime_3.9.700.20240602-2313\jars\maven-embedder-3.9.7.jar
2025-05-12 22:22:40,224 [Worker-7: Launching Executing test in C__Users_Mersa_Documents_DTU_Github Repo_SoftwareEngineering1Exam_BddStarter] INFO  o.eclipse.m2e.core.internal.Bundles - 	Entry: C:\Users\Mersa\.p2\pool\plugins\org.eclipse.m2e.maven.runtime_3.9.700.20240602-2313\jars\maven-model-3.9.7.jar
2025-05-12 22:22:40,224 [Worker-7: Launching Executing test in C__Users_Mersa_Documents_DTU_Github Repo_SoftwareEngineering1Exam_BddStarter] INFO  o.eclipse.m2e.core.internal.Bundles - 	Entry: C:\Users\Mersa\.p2\pool\plugins\org.eclipse.m2e.maven.runtime_3.9.700.20240602-2313\jars\maven-model-builder-3.9.7.jar
2025-05-12 22:22:40,225 [Worker-7: Launching Executing test in C__Users_Mersa_Documents_DTU_Github Repo_SoftwareEngineering1Exam_BddStarter] INFO  o.eclipse.m2e.core.internal.Bundles - 	Entry: C:\Users\Mersa\.p2\pool\plugins\org.eclipse.m2e.maven.runtime_3.9.700.20240602-2313\jars\maven-plugin-api-3.9.7.jar
2025-05-12 22:22:40,225 [Worker-7: Launching Executing test in C__Users_Mersa_Documents_DTU_Github Repo_SoftwareEngineering1Exam_BddStarter] INFO  o.eclipse.m2e.core.internal.Bundles - 	Entry: C:\Users\Mersa\.p2\pool\plugins\org.eclipse.m2e.maven.runtime_3.9.700.20240602-2313\jars\maven-repository-metadata-3.9.7.jar
2025-05-12 22:22:40,226 [Worker-7: Launching Executing test in C__Users_Mersa_Documents_DTU_Github Repo_SoftwareEngineering1Exam_BddStarter] INFO  o.eclipse.m2e.core.internal.Bundles - 	Entry: C:\Users\Mersa\.p2\pool\plugins\org.eclipse.m2e.maven.runtime_3.9.700.20240602-2313\jars\maven-resolver-api-1.9.20.jar
2025-05-12 22:22:40,227 [Worker-7: Launching Executing test in C__Users_Mersa_Documents_DTU_Github Repo_SoftwareEngineering1Exam_BddStarter] INFO  o.eclipse.m2e.core.internal.Bundles - 	Entry: C:\Users\Mersa\.p2\pool\plugins\org.eclipse.m2e.maven.runtime_3.9.700.20240602-2313\jars\maven-resolver-connector-basic-1.9.20.jar
2025-05-12 22:22:40,228 [Worker-7: Launching Executing test in C__Users_Mersa_Documents_DTU_Github Repo_SoftwareEngineering1Exam_BddStarter] INFO  o.eclipse.m2e.core.internal.Bundles - 	Entry: C:\Users\Mersa\.p2\pool\plugins\org.eclipse.m2e.maven.runtime_3.9.700.20240602-2313\jars\maven-resolver-impl-1.9.20.jar
2025-05-12 22:22:40,229 [Worker-7: Launching Executing test in C__Users_Mersa_Documents_DTU_Github Repo_SoftwareEngineering1Exam_BddStarter] INFO  o.eclipse.m2e.core.internal.Bundles - 	Entry: C:\Users\Mersa\.p2\pool\plugins\org.eclipse.m2e.maven.runtime_3.9.700.20240602-2313\jars\maven-resolver-named-locks-1.9.20.jar
2025-05-12 22:22:40,230 [Worker-7: Launching Executing test in C__Users_Mersa_Documents_DTU_Github Repo_SoftwareEngineering1Exam_BddStarter] INFO  o.eclipse.m2e.core.internal.Bundles - 	Entry: C:\Users\Mersa\.p2\pool\plugins\org.eclipse.m2e.maven.runtime_3.9.700.20240602-2313\jars\maven-resolver-provider-3.9.7.jar
2025-05-12 22:22:40,231 [Worker-7: Launching Executing test in C__Users_Mersa_Documents_DTU_Github Repo_SoftwareEngineering1Exam_BddStarter] INFO  o.eclipse.m2e.core.internal.Bundles - 	Entry: C:\Users\Mersa\.p2\pool\plugins\org.eclipse.m2e.maven.runtime_3.9.700.20240602-2313\jars\maven-resolver-spi-1.9.20.jar
2025-05-12 22:22:40,232 [Worker-7: Launching Executing test in C__Users_Mersa_Documents_DTU_Github Repo_SoftwareEngineering1Exam_BddStarter] INFO  o.eclipse.m2e.core.internal.Bundles - 	Entry: C:\Users\Mersa\.p2\pool\plugins\org.eclipse.m2e.maven.runtime_3.9.700.20240602-2313\jars\maven-resolver-transport-file-1.9.20.jar
2025-05-12 22:22:40,232 [Worker-7: Launching Executing test in C__Users_Mersa_Documents_DTU_Github Repo_SoftwareEngineering1Exam_BddStarter] INFO  o.eclipse.m2e.core.internal.Bundles - 	Entry: C:\Users\Mersa\.p2\pool\plugins\org.eclipse.m2e.maven.runtime_3.9.700.20240602-2313\jars\maven-resolver-transport-http-1.9.20.jar
2025-05-12 22:22:40,233 [Worker-7: Launching Executing test in C__Users_Mersa_Documents_DTU_Github Repo_SoftwareEngineering1Exam_BddStarter] INFO  o.eclipse.m2e.core.internal.Bundles - 	Entry: C:\Users\Mersa\.p2\pool\plugins\org.eclipse.m2e.maven.runtime_3.9.700.20240602-2313\jars\maven-resolver-transport-wagon-1.9.20.jar
2025-05-12 22:22:40,234 [Worker-7: Launching Executing test in C__Users_Mersa_Documents_DTU_Github Repo_SoftwareEngineering1Exam_BddStarter] INFO  o.eclipse.m2e.core.internal.Bundles - 	Entry: C:\Users\Mersa\.p2\pool\plugins\org.eclipse.m2e.maven.runtime_3.9.700.20240602-2313\jars\maven-resolver-util-1.9.20.jar
2025-05-12 22:22:40,238 [Worker-7: Launching Executing test in C__Users_Mersa_Documents_DTU_Github Repo_SoftwareEngineering1Exam_BddStarter] INFO  o.eclipse.m2e.core.internal.Bundles - 	Entry: C:\Users\Mersa\.p2\pool\plugins\org.eclipse.m2e.maven.runtime_3.9.700.20240602-2313\jars\maven-settings-3.9.7.jar
2025-05-12 22:22:40,239 [Worker-7: Launching Executing test in C__Users_Mersa_Documents_DTU_Github Repo_SoftwareEngineering1Exam_BddStarter] INFO  o.eclipse.m2e.core.internal.Bundles - 	Entry: C:\Users\Mersa\.p2\pool\plugins\org.eclipse.m2e.maven.runtime_3.9.700.20240602-2313\jars\maven-settings-builder-3.9.7.jar
2025-05-12 22:22:40,240 [Worker-7: Launching Executing test in C__Users_Mersa_Documents_DTU_Github Repo_SoftwareEngineering1Exam_BddStarter] INFO  o.eclipse.m2e.core.internal.Bundles - 	Entry: C:\Users\Mersa\.p2\pool\plugins\org.eclipse.m2e.maven.runtime_3.9.700.20240602-2313\jars\maven-shared-utils-3.4.2.jar
2025-05-12 22:22:40,240 [Worker-7: Launching Executing test in C__Users_Mersa_Documents_DTU_Github Repo_SoftwareEngineering1Exam_BddStarter] INFO  o.eclipse.m2e.core.internal.Bundles - 	Entry: C:\Users\Mersa\.p2\pool\plugins\org.eclipse.m2e.maven.runtime_3.9.700.20240602-2313\jars\org.eclipse.sisu.inject-0.9.0.M2.jar
2025-05-12 22:22:40,241 [Worker-7: Launching Executing test in C__Users_Mersa_Documents_DTU_Github Repo_SoftwareEngineering1Exam_BddStarter] INFO  o.eclipse.m2e.core.internal.Bundles - 	Entry: C:\Users\Mersa\.p2\pool\plugins\org.eclipse.m2e.maven.runtime_3.9.700.20240602-2313\jars\org.eclipse.sisu.plexus-0.9.0.M2.jar
2025-05-12 22:22:40,242 [Worker-7: Launching Executing test in C__Users_Mersa_Documents_DTU_Github Repo_SoftwareEngineering1Exam_BddStarter] INFO  o.eclipse.m2e.core.internal.Bundles - 	Entry: C:\Users\Mersa\.p2\pool\plugins\org.eclipse.m2e.maven.runtime_3.9.700.20240602-2313\jars\plexus-build-api-0.0.7.jar
2025-05-12 22:22:40,242 [Worker-7: Launching Executing test in C__Users_Mersa_Documents_DTU_Github Repo_SoftwareEngineering1Exam_BddStarter] INFO  o.eclipse.m2e.core.internal.Bundles - 	Entry: C:\Users\Mersa\.p2\pool\plugins\org.eclipse.m2e.maven.runtime_3.9.700.20240602-2313\jars\plexus-build-api-1.2.0.jar
2025-05-12 22:22:40,243 [Worker-7: Launching Executing test in C__Users_Mersa_Documents_DTU_Github Repo_SoftwareEngineering1Exam_BddStarter] INFO  o.eclipse.m2e.core.internal.Bundles - 	Entry: C:\Users\Mersa\.p2\pool\plugins\org.eclipse.m2e.maven.runtime_3.9.700.20240602-2313\jars\plexus-cipher-2.0.jar
2025-05-12 22:22:40,243 [Worker-7: Launching Executing test in C__Users_Mersa_Documents_DTU_Github Repo_SoftwareEngineering1Exam_BddStarter] INFO  o.eclipse.m2e.core.internal.Bundles - 	Entry: C:\Users\Mersa\.p2\pool\plugins\org.eclipse.m2e.maven.runtime_3.9.700.20240602-2313\jars\plexus-classworlds-2.8.0.jar
2025-05-12 22:22:40,244 [Worker-7: Launching Executing test in C__Users_Mersa_Documents_DTU_Github Repo_SoftwareEngineering1Exam_BddStarter] INFO  o.eclipse.m2e.core.internal.Bundles - 	Entry: C:\Users\Mersa\.p2\pool\plugins\org.eclipse.m2e.maven.runtime_3.9.700.20240602-2313\jars\plexus-component-annotations-2.1.0.jar
2025-05-12 22:22:40,244 [Worker-7: Launching Executing test in C__Users_Mersa_Documents_DTU_Github Repo_SoftwareEngineering1Exam_BddStarter] INFO  o.eclipse.m2e.core.internal.Bundles - 	Entry: C:\Users\Mersa\.p2\pool\plugins\org.eclipse.m2e.maven.runtime_3.9.700.20240602-2313\jars\plexus-interpolation-1.27.jar
2025-05-12 22:22:40,245 [Worker-7: Launching Executing test in C__Users_Mersa_Documents_DTU_Github Repo_SoftwareEngineering1Exam_BddStarter] INFO  o.eclipse.m2e.core.internal.Bundles - 	Entry: C:\Users\Mersa\.p2\pool\plugins\org.eclipse.m2e.maven.runtime_3.9.700.20240602-2313\jars\plexus-sec-dispatcher-2.0.jar
2025-05-12 22:22:40,245 [Worker-7: Launching Executing test in C__Users_Mersa_Documents_DTU_Github Repo_SoftwareEngineering1Exam_BddStarter] INFO  o.eclipse.m2e.core.internal.Bundles - 	Entry: C:\Users\Mersa\.p2\pool\plugins\org.eclipse.m2e.maven.runtime_3.9.700.20240602-2313\jars\plexus-utils-3.5.1.jar
2025-05-12 22:22:40,246 [Worker-7: Launching Executing test in C__Users_Mersa_Documents_DTU_Github Repo_SoftwareEngineering1Exam_BddStarter] INFO  o.eclipse.m2e.core.internal.Bundles - 	Entry: C:\Users\Mersa\.p2\pool\plugins\org.eclipse.m2e.maven.runtime_3.9.700.20240602-2313\jars\wagon-file-3.5.3.jar
2025-05-12 22:22:40,246 [Worker-7: Launching Executing test in C__Users_Mersa_Documents_DTU_Github Repo_SoftwareEngineering1Exam_BddStarter] INFO  o.eclipse.m2e.core.internal.Bundles - 	Entry: C:\Users\Mersa\.p2\pool\plugins\org.eclipse.m2e.maven.runtime_3.9.700.20240602-2313\jars\wagon-http-3.5.3.jar
2025-05-12 22:22:40,246 [Worker-7: Launching Executing test in C__Users_Mersa_Documents_DTU_Github Repo_SoftwareEngineering1Exam_BddStarter] INFO  o.eclipse.m2e.core.internal.Bundles - 	Entry: C:\Users\Mersa\.p2\pool\plugins\org.eclipse.m2e.maven.runtime_3.9.700.20240602-2313\jars\wagon-http-shared-3.5.3.jar
2025-05-12 22:22:40,247 [Worker-7: Launching Executing test in C__Users_Mersa_Documents_DTU_Github Repo_SoftwareEngineering1Exam_BddStarter] INFO  o.eclipse.m2e.core.internal.Bundles - 	Entry: C:\Users\Mersa\.p2\pool\plugins\org.eclipse.m2e.maven.runtime_3.9.700.20240602-2313\jars\wagon-provider-api-3.5.3.jar
2025-05-12 22:22:40,251 [Worker-7: Launching Executing test in C__Users_Mersa_Documents_DTU_Github Repo_SoftwareEngineering1Exam_BddStarter] INFO  o.eclipse.m2e.core.internal.Bundles - getClasspathEntries(Bundle=com.google.guava_33.2.0.jre [10])
2025-05-12 22:22:40,253 [Worker-7: Launching Executing test in C__Users_Mersa_Documents_DTU_Github Repo_SoftwareEngineering1Exam_BddStarter] INFO  o.eclipse.m2e.core.internal.Bundles - 	Entry: C:\Users\Mersa\.p2\pool\plugins\com.google.guava_33.2.0.jre.jar
2025-05-12 22:22:40,253 [Worker-7: Launching Executing test in C__Users_Mersa_Documents_DTU_Github Repo_SoftwareEngineering1Exam_BddStarter] INFO  o.eclipse.m2e.core.internal.Bundles - getClasspathEntries(Bundle=slf4j.api_2.0.16 [520])
2025-05-12 22:22:40,254 [Worker-7: Launching Executing test in C__Users_Mersa_Documents_DTU_Github Repo_SoftwareEngineering1Exam_BddStarter] INFO  o.eclipse.m2e.core.internal.Bundles - 	Entry: C:\Users\Mersa\.p2\pool\plugins\slf4j.api_2.0.16.jar
2025-05-12 22:22:40,254 [Worker-7: Launching Executing test in C__Users_Mersa_Documents_DTU_Github Repo_SoftwareEngineering1Exam_BddStarter] INFO  o.eclipse.m2e.core.internal.Bundles - getClasspathEntries(Bundle=jakarta.inject.jakarta.inject-api_1.0.5 [21])
2025-05-12 22:22:40,262 [Worker-7: Launching Executing test in C__Users_Mersa_Documents_DTU_Github Repo_SoftwareEngineering1Exam_BddStarter] INFO  o.eclipse.m2e.core.internal.Bundles - 	Entry: C:\Users\Mersa\.p2\pool\plugins\jakarta.inject.jakarta.inject-api_1.0.5.jar
2025-05-12 22:22:40,262 [Worker-7: Launching Executing test in C__Users_Mersa_Documents_DTU_Github Repo_SoftwareEngineering1Exam_BddStarter] INFO  o.eclipse.m2e.core.internal.Bundles - getClasspathEntries(Bundle=javax.annotation_1.3.5.v20200909-1856 [24])
2025-05-12 22:22:40,263 [Worker-7: Launching Executing test in C__Users_Mersa_Documents_DTU_Github Repo_SoftwareEngineering1Exam_BddStarter] INFO  o.eclipse.m2e.core.internal.Bundles - 	Entry: C:\Users\Mersa\.p2\pool\plugins\javax.annotation_1.3.5.v20200909-1856.jar
2025-05-12 22:22:40,264 [Worker-7: Launching Executing test in C__Users_Mersa_Documents_DTU_Github Repo_SoftwareEngineering1Exam_BddStarter] INFO  o.eclipse.m2e.core.internal.Bundles - getClasspathEntries(Bundle=org.apache.commons.cli_1.8.0 [47])
2025-05-12 22:22:40,265 [Worker-7: Launching Executing test in C__Users_Mersa_Documents_DTU_Github Repo_SoftwareEngineering1Exam_BddStarter] INFO  o.eclipse.m2e.core.internal.Bundles - 	Entry: C:\Users\Mersa\.p2\pool\plugins\org.apache.commons.cli_1.8.0.jar
2025-05-12 22:22:40,265 [Worker-7: Launching Executing test in C__Users_Mersa_Documents_DTU_Github Repo_SoftwareEngineering1Exam_BddStarter] INFO  o.eclipse.m2e.core.internal.Bundles - getClasspathEntries(Bundle=org.apache.commons.commons-codec_1.16.0 [48])
2025-05-12 22:22:40,266 [Worker-7: Launching Executing test in C__Users_Mersa_Documents_DTU_Github Repo_SoftwareEngineering1Exam_BddStarter] INFO  o.eclipse.m2e.core.internal.Bundles - 	Entry: C:\Users\Mersa\.p2\pool\plugins\org.apache.commons.commons-codec_1.16.0.jar
2025-05-12 22:22:40,266 [Worker-7: Launching Executing test in C__Users_Mersa_Documents_DTU_Github Repo_SoftwareEngineering1Exam_BddStarter] INFO  o.eclipse.m2e.core.internal.Bundles - getClasspathEntries(Bundle=org.apache.commons.lang3_3.14.0 [54])
2025-05-12 22:22:40,267 [Worker-7: Launching Executing test in C__Users_Mersa_Documents_DTU_Github Repo_SoftwareEngineering1Exam_BddStarter] INFO  o.eclipse.m2e.core.internal.Bundles - 	Entry: C:\Users\Mersa\.p2\pool\plugins\org.apache.commons.lang3_3.14.0.jar
2025-05-12 22:22:40,268 [Worker-7: Launching Executing test in C__Users_Mersa_Documents_DTU_Github Repo_SoftwareEngineering1Exam_BddStarter] INFO  o.eclipse.m2e.core.internal.Bundles - getClasspathEntries(Bundle=com.google.guava.failureaccess_1.0.2 [11])
2025-05-12 22:22:40,269 [Worker-7: Launching Executing test in C__Users_Mersa_Documents_DTU_Github Repo_SoftwareEngineering1Exam_BddStarter] INFO  o.eclipse.m2e.core.internal.Bundles - 	Entry: C:\Users\Mersa\.p2\pool\plugins\com.google.guava.failureaccess_1.0.2.jar
2025-05-12 22:22:40,279 [Worker-7: Launching Executing test in C__Users_Mersa_Documents_DTU_Github Repo_SoftwareEngineering1Exam_BddStarter] INFO  o.e.m.i.launch.MavenLaunchDelegate - Run build in "C:\Users\Mersa\Documents\DTU\Github Repo\SoftwareEngineering1Exam\BddStarter":
2025-05-12 22:22:40,283 [Worker-7: Launching Executing test in C__Users_Mersa_Documents_DTU_Github Repo_SoftwareEngineering1Exam_BddStarter] INFO  o.e.m.i.launch.MavenLaunchDelegate -  mvn  -B -Dstyle.color=always test
